<?xml version="1.0" encoding="UTF-8"?>
<robot generator="Robot 3.2.2 (Python 3.8.3 on win32)" generated="20200926 15:47:46.540" rpa="false">
<suite id="s1" name="valid addListing" source="C:\Users\BECKY\Documents\03_GitHub\PROSDEV-MP\automation_tests\addlisting_tests\valid_addListing.robot">
<test id="s1-t1" name="Valid Add Listing">
<kw name="Open Browser To Login Page" library="resourceListing">
<kw name="Open Browser" library="SeleniumLibrary">
<doc>Opens a new browser instance to the optional ``url``.</doc>
<arguments>
<arg>${LOGIN URL}</arg>
<arg>${BROWSER}</arg>
</arguments>
<msg timestamp="20200926 15:47:47.151" level="INFO">Opening browser 'Chrome' to base url 'http://localhost:3000/user/loginpage'.</msg>
<status status="PASS" starttime="20200926 15:47:47.151" endtime="20200926 15:47:50.996"></status>
</kw>
<kw name="Maximize Browser Window" library="SeleniumLibrary">
<doc>Maximizes current browser window.</doc>
<status status="PASS" starttime="20200926 15:47:50.997" endtime="20200926 15:47:53.124"></status>
</kw>
<kw name="Set Selenium Speed" library="SeleniumLibrary">
<doc>Sets the delay that is waited after each Selenium command.</doc>
<arguments>
<arg>${DELAY}</arg>
</arguments>
<status status="PASS" starttime="20200926 15:47:53.124" endtime="20200926 15:47:53.124"></status>
</kw>
<status status="PASS" starttime="20200926 15:47:47.150" endtime="20200926 15:47:53.125"></status>
</kw>
<kw name="Input Username" library="resourceListing">
<arguments>
<arg>reb@gmail.com</arg>
</arguments>
<kw name="Input Text" library="SeleniumLibrary">
<doc>Types the given ``text`` into the text field identified by ``locator``.</doc>
<arguments>
<arg>email</arg>
<arg>${username}</arg>
</arguments>
<msg timestamp="20200926 15:47:53.128" level="INFO">Typing text 'reb@gmail.com' into text field 'email'.</msg>
<status status="PASS" starttime="20200926 15:47:53.127" endtime="20200926 15:47:53.332"></status>
</kw>
<status status="PASS" starttime="20200926 15:47:53.126" endtime="20200926 15:47:53.332"></status>
</kw>
<kw name="Input Password" library="resourceListing">
<arguments>
<arg>12345678</arg>
</arguments>
<kw name="Input Text" library="SeleniumLibrary">
<doc>Types the given ``text`` into the text field identified by ``locator``.</doc>
<arguments>
<arg>password</arg>
<arg>${password}</arg>
</arguments>
<msg timestamp="20200926 15:47:53.334" level="INFO">Typing text '12345678' into text field 'password'.</msg>
<status status="PASS" starttime="20200926 15:47:53.334" endtime="20200926 15:47:53.501"></status>
</kw>
<status status="PASS" starttime="20200926 15:47:53.333" endtime="20200926 15:47:53.501"></status>
</kw>
<kw name="Submit Credentials" library="resourceListing">
<kw name="Click Button" library="SeleniumLibrary">
<doc>Clicks the button identified by ``locator``.</doc>
<arguments>
<arg>Login</arg>
</arguments>
<msg timestamp="20200926 15:47:53.503" level="INFO">Clicking button 'Login'.</msg>
<status status="PASS" starttime="20200926 15:47:53.502" endtime="20200926 15:47:56.526"></status>
</kw>
<status status="PASS" starttime="20200926 15:47:53.502" endtime="20200926 15:47:56.527"></status>
</kw>
<kw name="Dashboard Page Should Be Open" library="resourceListing">
<kw name="Location Should Be" library="SeleniumLibrary">
<doc>Verifies that the current URL is exactly ``url``.</doc>
<arguments>
<arg>${DASHBOARD URL}</arg>
</arguments>
<msg timestamp="20200926 15:47:56.554" level="INFO">Current location is 'http://localhost:3000/game/games'.</msg>
<status status="PASS" starttime="20200926 15:47:56.530" endtime="20200926 15:47:56.554"></status>
</kw>
<status status="PASS" starttime="20200926 15:47:56.529" endtime="20200926 15:47:56.554"></status>
</kw>
<kw name="Click Profile" library="resourceListing">
<kw name="Click Element" library="SeleniumLibrary">
<doc>Click the element identified by ``locator``.</doc>
<arguments>
<arg>profile</arg>
</arguments>
<msg timestamp="20200926 15:47:56.558" level="INFO">Clicking element 'profile'.</msg>
<status status="PASS" starttime="20200926 15:47:56.557" endtime="20200926 15:47:56.885"></status>
</kw>
<status status="PASS" starttime="20200926 15:47:56.557" endtime="20200926 15:47:56.885"></status>
</kw>
<kw name="Profile Should be Open" library="resourceListing">
<kw name="Location Should Be" library="SeleniumLibrary">
<doc>Verifies that the current URL is exactly ``url``.</doc>
<arguments>
<arg>${PROFILE URL}</arg>
</arguments>
<msg timestamp="20200926 15:47:56.904" level="INFO">Current location is 'http://localhost:3000/user/profile'.</msg>
<status status="PASS" starttime="20200926 15:47:56.886" endtime="20200926 15:47:56.904"></status>
</kw>
<status status="PASS" starttime="20200926 15:47:56.886" endtime="20200926 15:47:56.905"></status>
</kw>
<kw name="Click Listing" library="resourceListing">
<kw name="Click Element" library="SeleniumLibrary">
<doc>Click the element identified by ``locator``.</doc>
<arguments>
<arg>add_listing_btn</arg>
</arguments>
<msg timestamp="20200926 15:47:56.906" level="INFO">Clicking element 'add_listing_btn'.</msg>
<status status="PASS" starttime="20200926 15:47:56.906" endtime="20200926 15:47:57.217"></status>
</kw>
<status status="PASS" starttime="20200926 15:47:56.905" endtime="20200926 15:47:57.217"></status>
</kw>
<kw name="Listing Should be Open" library="resourceListing">
<kw name="Location Should Be" library="SeleniumLibrary">
<doc>Verifies that the current URL is exactly ``url``.</doc>
<arguments>
<arg>${ADD LISTING URL}</arg>
</arguments>
<msg timestamp="20200926 15:47:57.224" level="INFO">Current location is 'http://localhost:3000/post/upload'.</msg>
<status status="PASS" starttime="20200926 15:47:57.218" endtime="20200926 15:47:57.224"></status>
</kw>
<status status="PASS" starttime="20200926 15:47:57.218" endtime="20200926 15:47:57.224"></status>
</kw>
<kw name="Select Title" library="resourceListing">
<arguments>
<arg>Among Us</arg>
</arguments>
<kw name="Select From List By Label" library="SeleniumLibrary">
<doc>Selects options from selection list ``locator`` by ``labels``.</doc>
<arguments>
<arg>title</arg>
<arg>${title}</arg>
</arguments>
<msg timestamp="20200926 15:47:57.236" level="INFO">Selecting options from selection list 'title' by label Among Us.</msg>
<status status="PASS" starttime="20200926 15:47:57.236" endtime="20200926 15:47:57.366"></status>
</kw>
<status status="PASS" starttime="20200926 15:47:57.235" endtime="20200926 15:47:57.367"></status>
</kw>
<kw name="Input Price" library="resourceListing">
<arguments>
<arg>200</arg>
</arguments>
<kw name="Input Text" library="SeleniumLibrary">
<doc>Types the given ``text`` into the text field identified by ``locator``.</doc>
<arguments>
<arg>price</arg>
<arg>${price}</arg>
</arguments>
<msg timestamp="20200926 15:47:57.369" level="INFO">Typing text '200' into text field 'price'.</msg>
<status status="PASS" starttime="20200926 15:47:57.368" endtime="20200926 15:47:57.548"></status>
</kw>
<status status="PASS" starttime="20200926 15:47:57.367" endtime="20200926 15:47:57.548"></status>
</kw>
<kw name="Input Condition" library="resourceListing">
<arguments>
<arg>Good as New</arg>
</arguments>
<kw name="Input Text" library="SeleniumLibrary">
<doc>Types the given ``text`` into the text field identified by ``locator``.</doc>
<arguments>
<arg>description</arg>
<arg>${description}</arg>
</arguments>
<msg timestamp="20200926 15:47:57.550" level="INFO">Typing text 'Good as New' into text field 'description'.</msg>
<status status="PASS" starttime="20200926 15:47:57.550" endtime="20200926 15:47:57.707"></status>
</kw>
<status status="PASS" starttime="20200926 15:47:57.549" endtime="20200926 15:47:57.707"></status>
</kw>
<kw name="Submit Credentials Upload" library="resourceListing">
<kw name="Click Button" library="SeleniumLibrary">
<doc>Clicks the button identified by ``locator``.</doc>
<arguments>
<arg>Upload</arg>
</arguments>
<msg timestamp="20200926 15:47:57.711" level="INFO">Clicking button 'Upload'.</msg>
<status status="PASS" starttime="20200926 15:47:57.710" endtime="20200926 15:47:57.981"></status>
</kw>
<status status="PASS" starttime="20200926 15:47:57.708" endtime="20200926 15:47:57.982"></status>
</kw>
<kw name="Profile Should be Open" library="resourceListing">
<kw name="Location Should Be" library="SeleniumLibrary">
<doc>Verifies that the current URL is exactly ``url``.</doc>
<arguments>
<arg>${PROFILE URL}</arg>
</arguments>
<msg timestamp="20200926 15:47:58.009" level="INFO">Current location is 'http://localhost:3000/user/profile'.</msg>
<status status="PASS" starttime="20200926 15:47:57.984" endtime="20200926 15:47:58.009"></status>
</kw>
<status status="PASS" starttime="20200926 15:47:57.983" endtime="20200926 15:47:58.011"></status>
</kw>
<kw name="Close Browser" library="SeleniumLibrary" type="teardown">
<doc>Closes the current browser.</doc>
<status status="PASS" starttime="20200926 15:47:58.017" endtime="20200926 15:48:00.829"></status>
</kw>
<status status="PASS" starttime="20200926 15:47:47.148" endtime="20200926 15:48:00.830" critical="yes"></status>
</test>
<test id="s1-t2" name="Invalid Add Listing - invalid price">
<kw name="Open Browser To Login Page" library="resourceListing">
<kw name="Open Browser" library="SeleniumLibrary">
<doc>Opens a new browser instance to the optional ``url``.</doc>
<arguments>
<arg>${LOGIN URL}</arg>
<arg>${BROWSER}</arg>
</arguments>
<msg timestamp="20200926 15:48:00.836" level="INFO">Opening browser 'Chrome' to base url 'http://localhost:3000/user/loginpage'.</msg>
<status status="PASS" starttime="20200926 15:48:00.835" endtime="20200926 15:48:04.471"></status>
</kw>
<kw name="Maximize Browser Window" library="SeleniumLibrary">
<doc>Maximizes current browser window.</doc>
<status status="PASS" starttime="20200926 15:48:04.472" endtime="20200926 15:48:06.598"></status>
</kw>
<kw name="Set Selenium Speed" library="SeleniumLibrary">
<doc>Sets the delay that is waited after each Selenium command.</doc>
<arguments>
<arg>${DELAY}</arg>
</arguments>
<status status="PASS" starttime="20200926 15:48:06.598" endtime="20200926 15:48:06.598"></status>
</kw>
<status status="PASS" starttime="20200926 15:48:00.834" endtime="20200926 15:48:06.599"></status>
</kw>
<kw name="Input Username" library="resourceListing">
<arguments>
<arg>reb@gmail.com</arg>
</arguments>
<kw name="Input Text" library="SeleniumLibrary">
<doc>Types the given ``text`` into the text field identified by ``locator``.</doc>
<arguments>
<arg>email</arg>
<arg>${username}</arg>
</arguments>
<msg timestamp="20200926 15:48:06.600" level="INFO">Typing text 'reb@gmail.com' into text field 'email'.</msg>
<status status="PASS" starttime="20200926 15:48:06.600" endtime="20200926 15:48:06.792"></status>
</kw>
<status status="PASS" starttime="20200926 15:48:06.599" endtime="20200926 15:48:06.793"></status>
</kw>
<kw name="Input Password" library="resourceListing">
<arguments>
<arg>12345678</arg>
</arguments>
<kw name="Input Text" library="SeleniumLibrary">
<doc>Types the given ``text`` into the text field identified by ``locator``.</doc>
<arguments>
<arg>password</arg>
<arg>${password}</arg>
</arguments>
<msg timestamp="20200926 15:48:06.795" level="INFO">Typing text '12345678' into text field 'password'.</msg>
<status status="PASS" starttime="20200926 15:48:06.794" endtime="20200926 15:48:06.933"></status>
</kw>
<status status="PASS" starttime="20200926 15:48:06.794" endtime="20200926 15:48:06.933"></status>
</kw>
<kw name="Submit Credentials" library="resourceListing">
<kw name="Click Button" library="SeleniumLibrary">
<doc>Clicks the button identified by ``locator``.</doc>
<arguments>
<arg>Login</arg>
</arguments>
<msg timestamp="20200926 15:48:06.935" level="INFO">Clicking button 'Login'.</msg>
<status status="PASS" starttime="20200926 15:48:06.934" endtime="20200926 15:48:08.011"></status>
</kw>
<status status="PASS" starttime="20200926 15:48:06.934" endtime="20200926 15:48:08.011"></status>
</kw>
<kw name="Dashboard Page Should Be Open" library="resourceListing">
<kw name="Location Should Be" library="SeleniumLibrary">
<doc>Verifies that the current URL is exactly ``url``.</doc>
<arguments>
<arg>${DASHBOARD URL}</arg>
</arguments>
<msg timestamp="20200926 15:48:08.019" level="INFO">Current location is 'http://localhost:3000/game/games'.</msg>
<status status="PASS" starttime="20200926 15:48:08.013" endtime="20200926 15:48:08.020"></status>
</kw>
<status status="PASS" starttime="20200926 15:48:08.012" endtime="20200926 15:48:08.020"></status>
</kw>
<kw name="Click Profile" library="resourceListing">
<kw name="Click Element" library="SeleniumLibrary">
<doc>Click the element identified by ``locator``.</doc>
<arguments>
<arg>profile</arg>
</arguments>
<msg timestamp="20200926 15:48:08.022" level="INFO">Clicking element 'profile'.</msg>
<status status="PASS" starttime="20200926 15:48:08.022" endtime="20200926 15:48:08.286"></status>
</kw>
<status status="PASS" starttime="20200926 15:48:08.021" endtime="20200926 15:48:08.286"></status>
</kw>
<kw name="Profile Should be Open" library="resourceListing">
<kw name="Location Should Be" library="SeleniumLibrary">
<doc>Verifies that the current URL is exactly ``url``.</doc>
<arguments>
<arg>${PROFILE URL}</arg>
</arguments>
<msg timestamp="20200926 15:48:08.302" level="INFO">Current location is 'http://localhost:3000/user/profile'.</msg>
<status status="PASS" starttime="20200926 15:48:08.290" endtime="20200926 15:48:08.302"></status>
</kw>
<status status="PASS" starttime="20200926 15:48:08.289" endtime="20200926 15:48:08.302"></status>
</kw>
<kw name="Click Listing" library="resourceListing">
<kw name="Click Element" library="SeleniumLibrary">
<doc>Click the element identified by ``locator``.</doc>
<arguments>
<arg>add_listing_btn</arg>
</arguments>
<msg timestamp="20200926 15:48:08.303" level="INFO">Clicking element 'add_listing_btn'.</msg>
<status status="PASS" starttime="20200926 15:48:08.303" endtime="20200926 15:48:08.553"></status>
</kw>
<status status="PASS" starttime="20200926 15:48:08.302" endtime="20200926 15:48:08.553"></status>
</kw>
<kw name="Listing Should be Open" library="resourceListing">
<kw name="Location Should Be" library="SeleniumLibrary">
<doc>Verifies that the current URL is exactly ``url``.</doc>
<arguments>
<arg>${ADD LISTING URL}</arg>
</arguments>
<msg timestamp="20200926 15:48:08.575" level="INFO">Current location is 'http://localhost:3000/post/upload'.</msg>
<status status="PASS" starttime="20200926 15:48:08.556" endtime="20200926 15:48:08.576"></status>
</kw>
<status status="PASS" starttime="20200926 15:48:08.555" endtime="20200926 15:48:08.577"></status>
</kw>
<kw name="Select Title" library="resourceListing">
<arguments>
<arg>Among Us</arg>
</arguments>
<kw name="Select From List By Label" library="SeleniumLibrary">
<doc>Selects options from selection list ``locator`` by ``labels``.</doc>
<arguments>
<arg>title</arg>
<arg>${title}</arg>
</arguments>
<msg timestamp="20200926 15:48:08.580" level="INFO">Selecting options from selection list 'title' by label Among Us.</msg>
<status status="PASS" starttime="20200926 15:48:08.580" endtime="20200926 15:48:08.675"></status>
</kw>
<status status="PASS" starttime="20200926 15:48:08.579" endtime="20200926 15:48:08.676"></status>
</kw>
<kw name="Input Price" library="resourceListing">
<arguments>
<arg>Invalid</arg>
</arguments>
<kw name="Input Text" library="SeleniumLibrary">
<doc>Types the given ``text`` into the text field identified by ``locator``.</doc>
<arguments>
<arg>price</arg>
<arg>${price}</arg>
</arguments>
<msg timestamp="20200926 15:48:08.679" level="INFO">Typing text 'Invalid' into text field 'price'.</msg>
<status status="PASS" starttime="20200926 15:48:08.678" endtime="20200926 15:48:08.823"></status>
</kw>
<status status="PASS" starttime="20200926 15:48:08.678" endtime="20200926 15:48:08.824"></status>
</kw>
<kw name="Input Condition" library="resourceListing">
<arguments>
<arg>Good as New</arg>
</arguments>
<kw name="Input Text" library="SeleniumLibrary">
<doc>Types the given ``text`` into the text field identified by ``locator``.</doc>
<arguments>
<arg>description</arg>
<arg>${description}</arg>
</arguments>
<msg timestamp="20200926 15:48:08.828" level="INFO">Typing text 'Good as New' into text field 'description'.</msg>
<status status="PASS" starttime="20200926 15:48:08.826" endtime="20200926 15:48:08.992"></status>
</kw>
<status status="PASS" starttime="20200926 15:48:08.825" endtime="20200926 15:48:08.993"></status>
</kw>
<kw name="Submit Credentials Upload" library="resourceListing">
<kw name="Click Button" library="SeleniumLibrary">
<doc>Clicks the button identified by ``locator``.</doc>
<arguments>
<arg>Upload</arg>
</arguments>
<msg timestamp="20200926 15:48:08.995" level="INFO">Clicking button 'Upload'.</msg>
<status status="PASS" starttime="20200926 15:48:08.994" endtime="20200926 15:48:09.211"></status>
</kw>
<status status="PASS" starttime="20200926 15:48:08.994" endtime="20200926 15:48:09.212"></status>
</kw>
<kw name="Listing Should be Open" library="resourceListing">
<kw name="Location Should Be" library="SeleniumLibrary">
<doc>Verifies that the current URL is exactly ``url``.</doc>
<arguments>
<arg>${ADD LISTING URL}</arg>
</arguments>
<msg timestamp="20200926 15:48:09.230" level="INFO">Current location is 'http://localhost:3000/post/upload'.</msg>
<status status="PASS" starttime="20200926 15:48:09.215" endtime="20200926 15:48:09.231"></status>
</kw>
<status status="PASS" starttime="20200926 15:48:09.214" endtime="20200926 15:48:09.231"></status>
</kw>
<kw name="Close Browser" library="SeleniumLibrary" type="teardown">
<doc>Closes the current browser.</doc>
<status status="PASS" starttime="20200926 15:48:09.232" endtime="20200926 15:48:11.844"></status>
</kw>
<status status="PASS" starttime="20200926 15:48:00.832" endtime="20200926 15:48:11.847" critical="yes"></status>
</test>
<test id="s1-t3" name="Invalid Add Listing - Skip Select Game Title">
<kw name="Open Browser To Login Page" library="resourceListing">
<kw name="Open Browser" library="SeleniumLibrary">
<doc>Opens a new browser instance to the optional ``url``.</doc>
<arguments>
<arg>${LOGIN URL}</arg>
<arg>${BROWSER}</arg>
</arguments>
<msg timestamp="20200926 15:48:11.860" level="INFO">Opening browser 'Chrome' to base url 'http://localhost:3000/user/loginpage'.</msg>
<status status="PASS" starttime="20200926 15:48:11.858" endtime="20200926 15:48:15.534"></status>
</kw>
<kw name="Maximize Browser Window" library="SeleniumLibrary">
<doc>Maximizes current browser window.</doc>
<status status="PASS" starttime="20200926 15:48:15.535" endtime="20200926 15:48:17.684"></status>
</kw>
<kw name="Set Selenium Speed" library="SeleniumLibrary">
<doc>Sets the delay that is waited after each Selenium command.</doc>
<arguments>
<arg>${DELAY}</arg>
</arguments>
<status status="PASS" starttime="20200926 15:48:17.684" endtime="20200926 15:48:17.685"></status>
</kw>
<status status="PASS" starttime="20200926 15:48:11.855" endtime="20200926 15:48:17.685"></status>
</kw>
<kw name="Input Username" library="resourceListing">
<arguments>
<arg>reb@gmail.com</arg>
</arguments>
<kw name="Input Text" library="SeleniumLibrary">
<doc>Types the given ``text`` into the text field identified by ``locator``.</doc>
<arguments>
<arg>email</arg>
<arg>${username}</arg>
</arguments>
<msg timestamp="20200926 15:48:17.687" level="INFO">Typing text 'reb@gmail.com' into text field 'email'.</msg>
<status status="PASS" starttime="20200926 15:48:17.687" endtime="20200926 15:48:17.864"></status>
</kw>
<status status="PASS" starttime="20200926 15:48:17.686" endtime="20200926 15:48:17.865"></status>
</kw>
<kw name="Input Password" library="resourceListing">
<arguments>
<arg>12345678</arg>
</arguments>
<kw name="Input Text" library="SeleniumLibrary">
<doc>Types the given ``text`` into the text field identified by ``locator``.</doc>
<arguments>
<arg>password</arg>
<arg>${password}</arg>
</arguments>
<msg timestamp="20200926 15:48:17.867" level="INFO">Typing text '12345678' into text field 'password'.</msg>
<status status="PASS" starttime="20200926 15:48:17.866" endtime="20200926 15:48:17.990"></status>
</kw>
<status status="PASS" starttime="20200926 15:48:17.866" endtime="20200926 15:48:17.990"></status>
</kw>
<kw name="Submit Credentials" library="resourceListing">
<kw name="Click Button" library="SeleniumLibrary">
<doc>Clicks the button identified by ``locator``.</doc>
<arguments>
<arg>Login</arg>
</arguments>
<msg timestamp="20200926 15:48:17.993" level="INFO">Clicking button 'Login'.</msg>
<status status="PASS" starttime="20200926 15:48:17.992" endtime="20200926 15:48:19.339"></status>
</kw>
<status status="PASS" starttime="20200926 15:48:17.991" endtime="20200926 15:48:19.340"></status>
</kw>
<kw name="Dashboard Page Should Be Open" library="resourceListing">
<kw name="Location Should Be" library="SeleniumLibrary">
<doc>Verifies that the current URL is exactly ``url``.</doc>
<arguments>
<arg>${DASHBOARD URL}</arg>
</arguments>
<msg timestamp="20200926 15:48:19.349" level="INFO">Current location is 'http://localhost:3000/game/games'.</msg>
<status status="PASS" starttime="20200926 15:48:19.342" endtime="20200926 15:48:19.349"></status>
</kw>
<status status="PASS" starttime="20200926 15:48:19.341" endtime="20200926 15:48:19.349"></status>
</kw>
<kw name="Click Profile" library="resourceListing">
<kw name="Click Element" library="SeleniumLibrary">
<doc>Click the element identified by ``locator``.</doc>
<arguments>
<arg>profile</arg>
</arguments>
<msg timestamp="20200926 15:48:19.351" level="INFO">Clicking element 'profile'.</msg>
<status status="PASS" starttime="20200926 15:48:19.351" endtime="20200926 15:48:19.605"></status>
</kw>
<status status="PASS" starttime="20200926 15:48:19.350" endtime="20200926 15:48:19.605"></status>
</kw>
<kw name="Profile Should be Open" library="resourceListing">
<kw name="Location Should Be" library="SeleniumLibrary">
<doc>Verifies that the current URL is exactly ``url``.</doc>
<arguments>
<arg>${PROFILE URL}</arg>
</arguments>
<msg timestamp="20200926 15:48:19.619" level="INFO">Current location is 'http://localhost:3000/user/profile'.</msg>
<status status="PASS" starttime="20200926 15:48:19.607" endtime="20200926 15:48:19.619"></status>
</kw>
<status status="PASS" starttime="20200926 15:48:19.606" endtime="20200926 15:48:19.620"></status>
</kw>
<kw name="Click Listing" library="resourceListing">
<kw name="Click Element" library="SeleniumLibrary">
<doc>Click the element identified by ``locator``.</doc>
<arguments>
<arg>add_listing_btn</arg>
</arguments>
<msg timestamp="20200926 15:48:19.622" level="INFO">Clicking element 'add_listing_btn'.</msg>
<status status="PASS" starttime="20200926 15:48:19.622" endtime="20200926 15:48:19.858"></status>
</kw>
<status status="PASS" starttime="20200926 15:48:19.621" endtime="20200926 15:48:19.858"></status>
</kw>
<kw name="Listing Should be Open" library="resourceListing">
<kw name="Location Should Be" library="SeleniumLibrary">
<doc>Verifies that the current URL is exactly ``url``.</doc>
<arguments>
<arg>${ADD LISTING URL}</arg>
</arguments>
<msg timestamp="20200926 15:48:19.866" level="INFO">Current location is 'http://localhost:3000/post/upload'.</msg>
<status status="PASS" starttime="20200926 15:48:19.860" endtime="20200926 15:48:19.866"></status>
</kw>
<status status="PASS" starttime="20200926 15:48:19.859" endtime="20200926 15:48:19.867"></status>
</kw>
<kw name="Input Price" library="resourceListing">
<arguments>
<arg>Invalid</arg>
</arguments>
<kw name="Input Text" library="SeleniumLibrary">
<doc>Types the given ``text`` into the text field identified by ``locator``.</doc>
<arguments>
<arg>price</arg>
<arg>${price}</arg>
</arguments>
<msg timestamp="20200926 15:48:19.873" level="INFO">Typing text 'Invalid' into text field 'price'.</msg>
<status status="PASS" starttime="20200926 15:48:19.872" endtime="20200926 15:48:20.029"></status>
</kw>
<status status="PASS" starttime="20200926 15:48:19.872" endtime="20200926 15:48:20.029"></status>
</kw>
<kw name="Input Condition" library="resourceListing">
<arguments>
<arg>Good as New</arg>
</arguments>
<kw name="Input Text" library="SeleniumLibrary">
<doc>Types the given ``text`` into the text field identified by ``locator``.</doc>
<arguments>
<arg>description</arg>
<arg>${description}</arg>
</arguments>
<msg timestamp="20200926 15:48:20.033" level="INFO">Typing text 'Good as New' into text field 'description'.</msg>
<status status="PASS" starttime="20200926 15:48:20.032" endtime="20200926 15:48:20.173"></status>
</kw>
<status status="PASS" starttime="20200926 15:48:20.031" endtime="20200926 15:48:20.175"></status>
</kw>
<kw name="Submit Credentials Upload" library="resourceListing">
<kw name="Click Button" library="SeleniumLibrary">
<doc>Clicks the button identified by ``locator``.</doc>
<arguments>
<arg>Upload</arg>
</arguments>
<msg timestamp="20200926 15:48:20.178" level="INFO">Clicking button 'Upload'.</msg>
<status status="PASS" starttime="20200926 15:48:20.178" endtime="20200926 15:48:20.363"></status>
</kw>
<status status="PASS" starttime="20200926 15:48:20.176" endtime="20200926 15:48:20.363"></status>
</kw>
<kw name="Listing Should be Open" library="resourceListing">
<kw name="Location Should Be" library="SeleniumLibrary">
<doc>Verifies that the current URL is exactly ``url``.</doc>
<arguments>
<arg>${ADD LISTING URL}</arg>
</arguments>
<msg timestamp="20200926 15:48:20.377" level="INFO">Current location is 'http://localhost:3000/post/upload'.</msg>
<status status="PASS" starttime="20200926 15:48:20.364" endtime="20200926 15:48:20.378"></status>
</kw>
<status status="PASS" starttime="20200926 15:48:20.364" endtime="20200926 15:48:20.378"></status>
</kw>
<kw name="Close Browser" library="SeleniumLibrary" type="teardown">
<doc>Closes the current browser.</doc>
<status status="PASS" starttime="20200926 15:48:20.379" endtime="20200926 15:48:22.566"></status>
</kw>
<status status="PASS" starttime="20200926 15:48:11.852" endtime="20200926 15:48:22.568" critical="yes"></status>
</test>
<doc>A test suite with a single test for valid add listing.

This test has a workflow that is created using keywords in
the imported resource file.</doc>
<status status="PASS" starttime="20200926 15:47:46.543" endtime="20200926 15:48:22.575"></status>
</suite>
<statistics>
<total>
<stat pass="3" fail="0">Critical Tests</stat>
<stat pass="3" fail="0">All Tests</stat>
</total>
<tag>
</tag>
<suite>
<stat pass="3" fail="0" id="s1" name="valid addListing">valid addListing</stat>
</suite>
</statistics>
<errors>
</errors>
</robot>
