<?xml version="1.0" encoding="UTF-8"?>
<robot generator="Robot 3.2.2 (Python 3.8.3 on win32)" generated="20200926 03:23:51.889" rpa="false">
<suite id="s1" name="valid addListing" source="C:\Users\BECKY\Documents\03_GitHub\PROSDEV-MP\automation_tests\addlisting_tests\valid_addListing.robot">
<test id="s1-t1" name="Valid Add Listing">
<kw name="Open Browser To Login Page" library="resourceListing">
<kw name="Open Browser" library="SeleniumLibrary">
<doc>Opens a new browser instance to the optional ``url``.</doc>
<arguments>
<arg>${LOGIN URL}</arg>
<arg>${BROWSER}</arg>
</arguments>
<msg timestamp="20200926 03:23:52.242" level="INFO">Opening browser 'Chrome' to base url 'http://localhost:3000/user/loginpage'.</msg>
<status status="PASS" starttime="20200926 03:23:52.241" endtime="20200926 03:23:55.946"></status>
</kw>
<kw name="Maximize Browser Window" library="SeleniumLibrary">
<doc>Maximizes current browser window.</doc>
<status status="PASS" starttime="20200926 03:23:55.946" endtime="20200926 03:23:58.094"></status>
</kw>
<kw name="Set Selenium Speed" library="SeleniumLibrary">
<doc>Sets the delay that is waited after each Selenium command.</doc>
<arguments>
<arg>${DELAY}</arg>
</arguments>
<status status="PASS" starttime="20200926 03:23:58.094" endtime="20200926 03:23:58.095"></status>
</kw>
<status status="PASS" starttime="20200926 03:23:52.241" endtime="20200926 03:23:58.095"></status>
</kw>
<kw name="Input Username" library="resourceListing">
<arguments>
<arg>reb@gmail.com</arg>
</arguments>
<kw name="Input Text" library="SeleniumLibrary">
<doc>Types the given ``text`` into the text field identified by ``locator``.</doc>
<arguments>
<arg>email</arg>
<arg>${username}</arg>
</arguments>
<msg timestamp="20200926 03:23:58.098" level="INFO">Typing text 'reb@gmail.com' into text field 'email'.</msg>
<status status="PASS" starttime="20200926 03:23:58.098" endtime="20200926 03:23:58.284"></status>
</kw>
<status status="PASS" starttime="20200926 03:23:58.097" endtime="20200926 03:23:58.285"></status>
</kw>
<kw name="Input Password" library="resourceListing">
<arguments>
<arg>12345678</arg>
</arguments>
<kw name="Input Text" library="SeleniumLibrary">
<doc>Types the given ``text`` into the text field identified by ``locator``.</doc>
<arguments>
<arg>password</arg>
<arg>${password}</arg>
</arguments>
<msg timestamp="20200926 03:23:58.292" level="INFO">Typing text '12345678' into text field 'password'.</msg>
<status status="PASS" starttime="20200926 03:23:58.291" endtime="20200926 03:23:58.413"></status>
</kw>
<status status="PASS" starttime="20200926 03:23:58.290" endtime="20200926 03:23:58.414"></status>
</kw>
<kw name="Submit Credentials" library="resourceListing">
<kw name="Click Button" library="SeleniumLibrary">
<doc>Clicks the button identified by ``locator``.</doc>
<arguments>
<arg>Login</arg>
</arguments>
<msg timestamp="20200926 03:23:58.424" level="INFO">Clicking button 'Login'.</msg>
<status status="PASS" starttime="20200926 03:23:58.423" endtime="20200926 03:23:59.578"></status>
</kw>
<status status="PASS" starttime="20200926 03:23:58.423" endtime="20200926 03:23:59.578"></status>
</kw>
<kw name="Dashboard Page Should Be Open" library="resourceListing">
<kw name="Location Should Be" library="SeleniumLibrary">
<doc>Verifies that the current URL is exactly ``url``.</doc>
<arguments>
<arg>${DASHBOARD URL}</arg>
</arguments>
<msg timestamp="20200926 03:23:59.588" level="INFO">Current location is 'http://localhost:3000/game/games'.</msg>
<status status="PASS" starttime="20200926 03:23:59.581" endtime="20200926 03:23:59.589"></status>
</kw>
<status status="PASS" starttime="20200926 03:23:59.580" endtime="20200926 03:23:59.590"></status>
</kw>
<kw name="Click Profile" library="resourceListing">
<kw name="Click Element" library="SeleniumLibrary">
<doc>Click the element identified by ``locator``.</doc>
<arguments>
<arg>profile</arg>
</arguments>
<msg timestamp="20200926 03:23:59.596" level="INFO">Clicking element 'profile'.</msg>
<status status="PASS" starttime="20200926 03:23:59.595" endtime="20200926 03:23:59.881"></status>
</kw>
<status status="PASS" starttime="20200926 03:23:59.594" endtime="20200926 03:23:59.882"></status>
</kw>
<kw name="Profile Should be Open" library="resourceListing">
<kw name="Location Should Be" library="SeleniumLibrary">
<doc>Verifies that the current URL is exactly ``url``.</doc>
<arguments>
<arg>${PROFILE URL}</arg>
</arguments>
<msg timestamp="20200926 03:23:59.921" level="INFO">Current location is 'http://localhost:3000/user/profile'.</msg>
<status status="PASS" starttime="20200926 03:23:59.883" endtime="20200926 03:23:59.922"></status>
</kw>
<status status="PASS" starttime="20200926 03:23:59.882" endtime="20200926 03:23:59.922"></status>
</kw>
<kw name="Click Listing" library="resourceListing">
<kw name="Click Element" library="SeleniumLibrary">
<doc>Click the element identified by ``locator``.</doc>
<arguments>
<arg>add_listing_btn</arg>
</arguments>
<msg timestamp="20200926 03:23:59.925" level="INFO">Clicking element 'add_listing_btn'.</msg>
<status status="PASS" starttime="20200926 03:23:59.925" endtime="20200926 03:24:00.245"></status>
</kw>
<status status="PASS" starttime="20200926 03:23:59.924" endtime="20200926 03:24:00.246"></status>
</kw>
<kw name="Listing Should be Open" library="resourceListing">
<kw name="Location Should Be" library="SeleniumLibrary">
<doc>Verifies that the current URL is exactly ``url``.</doc>
<arguments>
<arg>${ADD LISTING URL}</arg>
</arguments>
<msg timestamp="20200926 03:24:00.265" level="INFO">Current location is 'http://localhost:3000/post/upload'.</msg>
<status status="PASS" starttime="20200926 03:24:00.251" endtime="20200926 03:24:00.266"></status>
</kw>
<status status="PASS" starttime="20200926 03:24:00.250" endtime="20200926 03:24:00.266"></status>
</kw>
<kw name="Select Title" library="resourceListing">
<arguments>
<arg>Among Us</arg>
</arguments>
<kw name="Select From List By Label" library="SeleniumLibrary">
<doc>Selects options from selection list ``locator`` by ``labels``.</doc>
<arguments>
<arg>title</arg>
<arg>${title}</arg>
</arguments>
<msg timestamp="20200926 03:24:00.268" level="INFO">Selecting options from selection list 'title' by label Among Us.</msg>
<status status="PASS" starttime="20200926 03:24:00.267" endtime="20200926 03:24:00.377"></status>
</kw>
<status status="PASS" starttime="20200926 03:24:00.267" endtime="20200926 03:24:00.378"></status>
</kw>
<kw name="Input Price" library="resourceListing">
<arguments>
<arg>200</arg>
</arguments>
<kw name="Input Text" library="SeleniumLibrary">
<doc>Types the given ``text`` into the text field identified by ``locator``.</doc>
<arguments>
<arg>price</arg>
<arg>${price}</arg>
</arguments>
<msg timestamp="20200926 03:24:00.379" level="INFO">Typing text '200' into text field 'price'.</msg>
<status status="PASS" starttime="20200926 03:24:00.379" endtime="20200926 03:24:00.513"></status>
</kw>
<status status="PASS" starttime="20200926 03:24:00.378" endtime="20200926 03:24:00.513"></status>
</kw>
<kw name="Input Condition" library="resourceListing">
<arguments>
<arg>Good as New</arg>
</arguments>
<kw name="Input Text" library="SeleniumLibrary">
<doc>Types the given ``text`` into the text field identified by ``locator``.</doc>
<arguments>
<arg>description</arg>
<arg>${description}</arg>
</arguments>
<msg timestamp="20200926 03:24:00.515" level="INFO">Typing text 'Good as New' into text field 'description'.</msg>
<status status="PASS" starttime="20200926 03:24:00.515" endtime="20200926 03:24:00.661"></status>
</kw>
<status status="PASS" starttime="20200926 03:24:00.514" endtime="20200926 03:24:00.662"></status>
</kw>
<kw name="Submit Credentials Upload" library="resourceListing">
<kw name="Click Button" library="SeleniumLibrary">
<doc>Clicks the button identified by ``locator``.</doc>
<arguments>
<arg>Upload</arg>
</arguments>
<msg timestamp="20200926 03:24:00.663" level="INFO">Clicking button 'Upload'.</msg>
<status status="PASS" starttime="20200926 03:24:00.663" endtime="20200926 03:24:00.873"></status>
</kw>
<status status="PASS" starttime="20200926 03:24:00.663" endtime="20200926 03:24:00.873"></status>
</kw>
<kw name="Close Browser" library="SeleniumLibrary" type="teardown">
<doc>Closes the current browser.</doc>
<status status="PASS" starttime="20200926 03:24:00.874" endtime="20200926 03:24:03.944"></status>
</kw>
<status status="PASS" starttime="20200926 03:23:52.240" endtime="20200926 03:24:03.944" critical="yes"></status>
</test>
<test id="s1-t2" name="Invalid Add Listing - invalid price">
<kw name="Open Browser To Login Page" library="resourceListing">
<kw name="Open Browser" library="SeleniumLibrary">
<doc>Opens a new browser instance to the optional ``url``.</doc>
<arguments>
<arg>${LOGIN URL}</arg>
<arg>${BROWSER}</arg>
</arguments>
<msg timestamp="20200926 03:24:03.953" level="INFO">Opening browser 'Chrome' to base url 'http://localhost:3000/user/loginpage'.</msg>
<status status="PASS" starttime="20200926 03:24:03.953" endtime="20200926 03:24:07.671"></status>
</kw>
<kw name="Maximize Browser Window" library="SeleniumLibrary">
<doc>Maximizes current browser window.</doc>
<status status="PASS" starttime="20200926 03:24:07.672" endtime="20200926 03:24:09.808"></status>
</kw>
<kw name="Set Selenium Speed" library="SeleniumLibrary">
<doc>Sets the delay that is waited after each Selenium command.</doc>
<arguments>
<arg>${DELAY}</arg>
</arguments>
<status status="PASS" starttime="20200926 03:24:09.808" endtime="20200926 03:24:09.808"></status>
</kw>
<status status="PASS" starttime="20200926 03:24:03.952" endtime="20200926 03:24:09.809"></status>
</kw>
<kw name="Input Username" library="resourceListing">
<arguments>
<arg>reb@gmail.com</arg>
</arguments>
<kw name="Input Text" library="SeleniumLibrary">
<doc>Types the given ``text`` into the text field identified by ``locator``.</doc>
<arguments>
<arg>email</arg>
<arg>${username}</arg>
</arguments>
<msg timestamp="20200926 03:24:09.810" level="INFO">Typing text 'reb@gmail.com' into text field 'email'.</msg>
<status status="PASS" starttime="20200926 03:24:09.810" endtime="20200926 03:24:09.964"></status>
</kw>
<status status="PASS" starttime="20200926 03:24:09.809" endtime="20200926 03:24:09.965"></status>
</kw>
<kw name="Input Password" library="resourceListing">
<arguments>
<arg>12345678</arg>
</arguments>
<kw name="Input Text" library="SeleniumLibrary">
<doc>Types the given ``text`` into the text field identified by ``locator``.</doc>
<arguments>
<arg>password</arg>
<arg>${password}</arg>
</arguments>
<msg timestamp="20200926 03:24:09.967" level="INFO">Typing text '12345678' into text field 'password'.</msg>
<status status="PASS" starttime="20200926 03:24:09.967" endtime="20200926 03:24:10.100"></status>
</kw>
<status status="PASS" starttime="20200926 03:24:09.966" endtime="20200926 03:24:10.100"></status>
</kw>
<kw name="Submit Credentials" library="resourceListing">
<kw name="Click Button" library="SeleniumLibrary">
<doc>Clicks the button identified by ``locator``.</doc>
<arguments>
<arg>Login</arg>
</arguments>
<msg timestamp="20200926 03:24:10.102" level="INFO">Clicking button 'Login'.</msg>
<status status="PASS" starttime="20200926 03:24:10.101" endtime="20200926 03:24:11.084"></status>
</kw>
<status status="PASS" starttime="20200926 03:24:10.101" endtime="20200926 03:24:11.084"></status>
</kw>
<kw name="Dashboard Page Should Be Open" library="resourceListing">
<kw name="Location Should Be" library="SeleniumLibrary">
<doc>Verifies that the current URL is exactly ``url``.</doc>
<arguments>
<arg>${DASHBOARD URL}</arg>
</arguments>
<msg timestamp="20200926 03:24:11.112" level="INFO">Current location is 'http://localhost:3000/game/games'.</msg>
<status status="PASS" starttime="20200926 03:24:11.087" endtime="20200926 03:24:11.112"></status>
</kw>
<status status="PASS" starttime="20200926 03:24:11.085" endtime="20200926 03:24:11.113"></status>
</kw>
<kw name="Click Profile" library="resourceListing">
<kw name="Click Element" library="SeleniumLibrary">
<doc>Click the element identified by ``locator``.</doc>
<arguments>
<arg>profile</arg>
</arguments>
<msg timestamp="20200926 03:24:11.116" level="INFO">Clicking element 'profile'.</msg>
<status status="PASS" starttime="20200926 03:24:11.115" endtime="20200926 03:24:11.422"></status>
</kw>
<status status="PASS" starttime="20200926 03:24:11.114" endtime="20200926 03:24:11.423"></status>
</kw>
<kw name="Profile Should be Open" library="resourceListing">
<kw name="Location Should Be" library="SeleniumLibrary">
<doc>Verifies that the current URL is exactly ``url``.</doc>
<arguments>
<arg>${PROFILE URL}</arg>
</arguments>
<msg timestamp="20200926 03:24:11.450" level="INFO">Current location is 'http://localhost:3000/user/profile'.</msg>
<status status="PASS" starttime="20200926 03:24:11.430" endtime="20200926 03:24:11.450"></status>
</kw>
<status status="PASS" starttime="20200926 03:24:11.430" endtime="20200926 03:24:11.451"></status>
</kw>
<kw name="Click Listing" library="resourceListing">
<kw name="Click Element" library="SeleniumLibrary">
<doc>Click the element identified by ``locator``.</doc>
<arguments>
<arg>add_listing_btn</arg>
</arguments>
<msg timestamp="20200926 03:24:11.454" level="INFO">Clicking element 'add_listing_btn'.</msg>
<status status="PASS" starttime="20200926 03:24:11.453" endtime="20200926 03:24:11.712"></status>
</kw>
<status status="PASS" starttime="20200926 03:24:11.451" endtime="20200926 03:24:11.712"></status>
</kw>
<kw name="Listing Should be Open" library="resourceListing">
<kw name="Location Should Be" library="SeleniumLibrary">
<doc>Verifies that the current URL is exactly ``url``.</doc>
<arguments>
<arg>${ADD LISTING URL}</arg>
</arguments>
<msg timestamp="20200926 03:24:11.744" level="INFO">Current location is 'http://localhost:3000/post/upload'.</msg>
<status status="PASS" starttime="20200926 03:24:11.713" endtime="20200926 03:24:11.744"></status>
</kw>
<status status="PASS" starttime="20200926 03:24:11.713" endtime="20200926 03:24:11.745"></status>
</kw>
<kw name="Select Title" library="resourceListing">
<arguments>
<arg>Among Us</arg>
</arguments>
<kw name="Select From List By Label" library="SeleniumLibrary">
<doc>Selects options from selection list ``locator`` by ``labels``.</doc>
<arguments>
<arg>title</arg>
<arg>${title}</arg>
</arguments>
<msg timestamp="20200926 03:24:11.746" level="INFO">Selecting options from selection list 'title' by label Among Us.</msg>
<status status="PASS" starttime="20200926 03:24:11.746" endtime="20200926 03:24:11.864"></status>
</kw>
<status status="PASS" starttime="20200926 03:24:11.745" endtime="20200926 03:24:11.864"></status>
</kw>
<kw name="Input Price" library="resourceListing">
<arguments>
<arg>Invalid</arg>
</arguments>
<kw name="Input Text" library="SeleniumLibrary">
<doc>Types the given ``text`` into the text field identified by ``locator``.</doc>
<arguments>
<arg>price</arg>
<arg>${price}</arg>
</arguments>
<msg timestamp="20200926 03:24:11.866" level="INFO">Typing text 'Invalid' into text field 'price'.</msg>
<status status="PASS" starttime="20200926 03:24:11.865" endtime="20200926 03:24:12.013"></status>
</kw>
<status status="PASS" starttime="20200926 03:24:11.865" endtime="20200926 03:24:12.013"></status>
</kw>
<kw name="Input Condition" library="resourceListing">
<arguments>
<arg>Good as New</arg>
</arguments>
<kw name="Input Text" library="SeleniumLibrary">
<doc>Types the given ``text`` into the text field identified by ``locator``.</doc>
<arguments>
<arg>description</arg>
<arg>${description}</arg>
</arguments>
<msg timestamp="20200926 03:24:12.015" level="INFO">Typing text 'Good as New' into text field 'description'.</msg>
<status status="PASS" starttime="20200926 03:24:12.015" endtime="20200926 03:24:12.139"></status>
</kw>
<status status="PASS" starttime="20200926 03:24:12.014" endtime="20200926 03:24:12.140"></status>
</kw>
<kw name="Submit Credentials Upload" library="resourceListing">
<kw name="Click Button" library="SeleniumLibrary">
<doc>Clicks the button identified by ``locator``.</doc>
<arguments>
<arg>Upload</arg>
</arguments>
<msg timestamp="20200926 03:24:12.141" level="INFO">Clicking button 'Upload'.</msg>
<status status="PASS" starttime="20200926 03:24:12.141" endtime="20200926 03:24:12.334"></status>
</kw>
<status status="PASS" starttime="20200926 03:24:12.140" endtime="20200926 03:24:12.334"></status>
</kw>
<kw name="Close Browser" library="SeleniumLibrary" type="teardown">
<doc>Closes the current browser.</doc>
<status status="PASS" starttime="20200926 03:24:12.335" endtime="20200926 03:24:14.563"></status>
</kw>
<status status="PASS" starttime="20200926 03:24:03.950" endtime="20200926 03:24:14.563" critical="yes"></status>
</test>
<test id="s1-t3" name="Invalid Add Listing - Skip Select Game Title">
<kw name="Open Browser To Login Page" library="resourceListing">
<kw name="Open Browser" library="SeleniumLibrary">
<doc>Opens a new browser instance to the optional ``url``.</doc>
<arguments>
<arg>${LOGIN URL}</arg>
<arg>${BROWSER}</arg>
</arguments>
<msg timestamp="20200926 03:24:14.573" level="INFO">Opening browser 'Chrome' to base url 'http://localhost:3000/user/loginpage'.</msg>
<status status="PASS" starttime="20200926 03:24:14.573" endtime="20200926 03:24:19.491"></status>
</kw>
<kw name="Maximize Browser Window" library="SeleniumLibrary">
<doc>Maximizes current browser window.</doc>
<status status="PASS" starttime="20200926 03:24:19.491" endtime="20200926 03:24:21.646"></status>
</kw>
<kw name="Set Selenium Speed" library="SeleniumLibrary">
<doc>Sets the delay that is waited after each Selenium command.</doc>
<arguments>
<arg>${DELAY}</arg>
</arguments>
<status status="PASS" starttime="20200926 03:24:21.646" endtime="20200926 03:24:21.646"></status>
</kw>
<status status="PASS" starttime="20200926 03:24:14.572" endtime="20200926 03:24:21.647"></status>
</kw>
<kw name="Input Username" library="resourceListing">
<arguments>
<arg>reb@gmail.com</arg>
</arguments>
<kw name="Input Text" library="SeleniumLibrary">
<doc>Types the given ``text`` into the text field identified by ``locator``.</doc>
<arguments>
<arg>email</arg>
<arg>${username}</arg>
</arguments>
<msg timestamp="20200926 03:24:21.650" level="INFO">Typing text 'reb@gmail.com' into text field 'email'.</msg>
<status status="PASS" starttime="20200926 03:24:21.649" endtime="20200926 03:24:21.843"></status>
</kw>
<status status="PASS" starttime="20200926 03:24:21.648" endtime="20200926 03:24:21.843"></status>
</kw>
<kw name="Input Password" library="resourceListing">
<arguments>
<arg>12345678</arg>
</arguments>
<kw name="Input Text" library="SeleniumLibrary">
<doc>Types the given ``text`` into the text field identified by ``locator``.</doc>
<arguments>
<arg>password</arg>
<arg>${password}</arg>
</arguments>
<msg timestamp="20200926 03:24:21.845" level="INFO">Typing text '12345678' into text field 'password'.</msg>
<status status="PASS" starttime="20200926 03:24:21.845" endtime="20200926 03:24:21.995"></status>
</kw>
<status status="PASS" starttime="20200926 03:24:21.844" endtime="20200926 03:24:21.995"></status>
</kw>
<kw name="Submit Credentials" library="resourceListing">
<kw name="Click Button" library="SeleniumLibrary">
<doc>Clicks the button identified by ``locator``.</doc>
<arguments>
<arg>Login</arg>
</arguments>
<msg timestamp="20200926 03:24:21.997" level="INFO">Clicking button 'Login'.</msg>
<status status="PASS" starttime="20200926 03:24:21.996" endtime="20200926 03:24:23.071"></status>
</kw>
<status status="PASS" starttime="20200926 03:24:21.996" endtime="20200926 03:24:23.071"></status>
</kw>
<kw name="Dashboard Page Should Be Open" library="resourceListing">
<kw name="Location Should Be" library="SeleniumLibrary">
<doc>Verifies that the current URL is exactly ``url``.</doc>
<arguments>
<arg>${DASHBOARD URL}</arg>
</arguments>
<msg timestamp="20200926 03:24:23.098" level="INFO">Current location is 'http://localhost:3000/game/games'.</msg>
<status status="PASS" starttime="20200926 03:24:23.073" endtime="20200926 03:24:23.098"></status>
</kw>
<status status="PASS" starttime="20200926 03:24:23.073" endtime="20200926 03:24:23.098"></status>
</kw>
<kw name="Click Profile" library="resourceListing">
<kw name="Click Element" library="SeleniumLibrary">
<doc>Click the element identified by ``locator``.</doc>
<arguments>
<arg>profile</arg>
</arguments>
<msg timestamp="20200926 03:24:23.100" level="INFO">Clicking element 'profile'.</msg>
<status status="PASS" starttime="20200926 03:24:23.100" endtime="20200926 03:24:23.434"></status>
</kw>
<status status="PASS" starttime="20200926 03:24:23.099" endtime="20200926 03:24:23.437"></status>
</kw>
<kw name="Profile Should be Open" library="resourceListing">
<kw name="Location Should Be" library="SeleniumLibrary">
<doc>Verifies that the current URL is exactly ``url``.</doc>
<arguments>
<arg>${PROFILE URL}</arg>
</arguments>
<msg timestamp="20200926 03:24:23.449" level="INFO">Current location is 'http://localhost:3000/user/profile'.</msg>
<status status="PASS" starttime="20200926 03:24:23.442" endtime="20200926 03:24:23.449"></status>
</kw>
<status status="PASS" starttime="20200926 03:24:23.442" endtime="20200926 03:24:23.449"></status>
</kw>
<kw name="Click Listing" library="resourceListing">
<kw name="Click Element" library="SeleniumLibrary">
<doc>Click the element identified by ``locator``.</doc>
<arguments>
<arg>add_listing_btn</arg>
</arguments>
<msg timestamp="20200926 03:24:23.451" level="INFO">Clicking element 'add_listing_btn'.</msg>
<status status="PASS" starttime="20200926 03:24:23.451" endtime="20200926 03:24:23.724"></status>
</kw>
<status status="PASS" starttime="20200926 03:24:23.450" endtime="20200926 03:24:23.724"></status>
</kw>
<kw name="Listing Should be Open" library="resourceListing">
<kw name="Location Should Be" library="SeleniumLibrary">
<doc>Verifies that the current URL is exactly ``url``.</doc>
<arguments>
<arg>${ADD LISTING URL}</arg>
</arguments>
<msg timestamp="20200926 03:24:23.732" level="INFO">Current location is 'http://localhost:3000/post/upload'.</msg>
<status status="PASS" starttime="20200926 03:24:23.727" endtime="20200926 03:24:23.733"></status>
</kw>
<status status="PASS" starttime="20200926 03:24:23.727" endtime="20200926 03:24:23.733"></status>
</kw>
<kw name="Input Price" library="resourceListing">
<arguments>
<arg>Invalid</arg>
</arguments>
<kw name="Input Text" library="SeleniumLibrary">
<doc>Types the given ``text`` into the text field identified by ``locator``.</doc>
<arguments>
<arg>price</arg>
<arg>${price}</arg>
</arguments>
<msg timestamp="20200926 03:24:23.737" level="INFO">Typing text 'Invalid' into text field 'price'.</msg>
<status status="PASS" starttime="20200926 03:24:23.736" endtime="20200926 03:24:23.884"></status>
</kw>
<status status="PASS" starttime="20200926 03:24:23.734" endtime="20200926 03:24:23.885"></status>
</kw>
<kw name="Input Condition" library="resourceListing">
<arguments>
<arg>Good as New</arg>
</arguments>
<kw name="Input Text" library="SeleniumLibrary">
<doc>Types the given ``text`` into the text field identified by ``locator``.</doc>
<arguments>
<arg>description</arg>
<arg>${description}</arg>
</arguments>
<msg timestamp="20200926 03:24:23.891" level="INFO">Typing text 'Good as New' into text field 'description'.</msg>
<status status="PASS" starttime="20200926 03:24:23.890" endtime="20200926 03:24:24.075"></status>
</kw>
<status status="PASS" starttime="20200926 03:24:23.890" endtime="20200926 03:24:24.075"></status>
</kw>
<kw name="Submit Credentials Upload" library="resourceListing">
<kw name="Click Button" library="SeleniumLibrary">
<doc>Clicks the button identified by ``locator``.</doc>
<arguments>
<arg>Upload</arg>
</arguments>
<msg timestamp="20200926 03:24:24.077" level="INFO">Clicking button 'Upload'.</msg>
<status status="PASS" starttime="20200926 03:24:24.077" endtime="20200926 03:24:24.329"></status>
</kw>
<status status="PASS" starttime="20200926 03:24:24.076" endtime="20200926 03:24:24.329"></status>
</kw>
<kw name="Close Browser" library="SeleniumLibrary" type="teardown">
<doc>Closes the current browser.</doc>
<status status="PASS" starttime="20200926 03:24:24.330" endtime="20200926 03:24:26.597"></status>
</kw>
<status status="PASS" starttime="20200926 03:24:14.572" endtime="20200926 03:24:26.598" critical="yes"></status>
</test>
<doc>A test suite with a single test for valid add listing.

This test has a workflow that is created using keywords in
the imported resource file.</doc>
<status status="PASS" starttime="20200926 03:23:51.892" endtime="20200926 03:24:26.606"></status>
</suite>
<statistics>
<total>
<stat pass="3" fail="0">Critical Tests</stat>
<stat pass="3" fail="0">All Tests</stat>
</total>
<tag>
</tag>
<suite>
<stat pass="3" fail="0" id="s1" name="valid addListing">valid addListing</stat>
</suite>
</statistics>
<errors>
</errors>
</robot>
